Determining if the pthread_create exist failed with the following output:
Change Dir: /home/kai/temp/rpc_triangulation_solver/multi_rpc_triangulate/build/CMakeFiles/CMakeTmp

Run Build Command:"/usr/bin/make" "cmTC_b8cfa/fast"
/usr/bin/make -f CMakeFiles/cmTC_b8cfa.dir/build.make CMakeFiles/cmTC_b8cfa.dir/build
make[1]: Entering directory '/home/kai/temp/rpc_triangulation_solver/multi_rpc_triangulate/build/CMakeFiles/CMakeTmp'
Building C object CMakeFiles/cmTC_b8cfa.dir/CheckSymbolExists.c.o
/usr/bin/cc    -o CMakeFiles/cmTC_b8cfa.dir/CheckSymbolExists.c.o   -c /home/kai/temp/rpc_triangulation_solver/multi_rpc_triangulate/build/CMakeFiles/CMakeTmp/CheckSymbolExists.c
Linking C executable cmTC_b8cfa
/usr/bin/cmake -E cmake_link_script CMakeFiles/cmTC_b8cfa.dir/link.txt --verbose=1
/usr/bin/cc      -rdynamic CMakeFiles/cmTC_b8cfa.dir/CheckSymbolExists.c.o  -o cmTC_b8cfa 
CMakeFiles/cmTC_b8cfa.dir/CheckSymbolExists.c.o: In function `main':
CheckSymbolExists.c:(.text+0x1b): undefined reference to `pthread_create'
collect2: error: ld returned 1 exit status
CMakeFiles/cmTC_b8cfa.dir/build.make:97: recipe for target 'cmTC_b8cfa' failed
make[1]: *** [cmTC_b8cfa] Error 1
make[1]: Leaving directory '/home/kai/temp/rpc_triangulation_solver/multi_rpc_triangulate/build/CMakeFiles/CMakeTmp'
Makefile:126: recipe for target 'cmTC_b8cfa/fast' failed
make: *** [cmTC_b8cfa/fast] Error 2

File /home/kai/temp/rpc_triangulation_solver/multi_rpc_triangulate/build/CMakeFiles/CMakeTmp/CheckSymbolExists.c:
/* */
#include <pthread.h>

int main(int argc, char** argv)
{
  (void)argv;
#ifndef pthread_create
  return ((int*)(&pthread_create))[argc];
#else
  (void)argc;
  return 0;
#endif
}

Determining if the function pthread_create exists in the pthreads failed with the following output:
Change Dir: /home/kai/temp/rpc_triangulation_solver/multi_rpc_triangulate/build/CMakeFiles/CMakeTmp

Run Build Command:"/usr/bin/make" "cmTC_1346b/fast"
/usr/bin/make -f CMakeFiles/cmTC_1346b.dir/build.make CMakeFiles/cmTC_1346b.dir/build
make[1]: Entering directory '/home/kai/temp/rpc_triangulation_solver/multi_rpc_triangulate/build/CMakeFiles/CMakeTmp'
Building C object CMakeFiles/cmTC_1346b.dir/CheckFunctionExists.c.o
/usr/bin/cc   -DCHECK_FUNCTION_EXISTS=pthread_create   -o CMakeFiles/cmTC_1346b.dir/CheckFunctionExists.c.o   -c /usr/share/cmake-3.10/Modules/CheckFunctionExists.c
Linking C executable cmTC_1346b
/usr/bin/cmake -E cmake_link_script CMakeFiles/cmTC_1346b.dir/link.txt --verbose=1
/usr/bin/cc  -DCHECK_FUNCTION_EXISTS=pthread_create    -rdynamic CMakeFiles/cmTC_1346b.dir/CheckFunctionExists.c.o  -o cmTC_1346b -lpthreads 
/usr/bin/ld: cannot find -lpthreads
collect2: error: ld returned 1 exit status
CMakeFiles/cmTC_1346b.dir/build.make:97: recipe for target 'cmTC_1346b' failed
make[1]: *** [cmTC_1346b] Error 1
make[1]: Leaving directory '/home/kai/temp/rpc_triangulation_solver/multi_rpc_triangulate/build/CMakeFiles/CMakeTmp'
Makefile:126: recipe for target 'cmTC_1346b/fast' failed
make: *** [cmTC_1346b/fast] Error 2


