Determining if the pthread_create exist failed with the following output:
Change Dir: /home/kai/temp/rpc_triangulation_solver/multi_rpc_triangule/cmake-build-debug/CMakeFiles/CMakeTmp

Run Build Command(s):/usr/bin/make cmTC_3aa0c/fast 
/usr/bin/make -f CMakeFiles/cmTC_3aa0c.dir/build.make CMakeFiles/cmTC_3aa0c.dir/build
make[1]: Entering directory '/home/kai/temp/rpc_triangulation_solver/multi_rpc_triangule/cmake-build-debug/CMakeFiles/CMakeTmp'
Building C object CMakeFiles/cmTC_3aa0c.dir/CheckSymbolExists.c.o
/usr/bin/gcc-6    -o CMakeFiles/cmTC_3aa0c.dir/CheckSymbolExists.c.o   -c /home/kai/temp/rpc_triangulation_solver/multi_rpc_triangule/cmake-build-debug/CMakeFiles/CMakeTmp/CheckSymbolExists.c
Linking C executable cmTC_3aa0c
/home/kai/clion-2019.1.3/bin/cmake/linux/bin/cmake -E cmake_link_script CMakeFiles/cmTC_3aa0c.dir/link.txt --verbose=1
/usr/bin/gcc-6      -rdynamic CMakeFiles/cmTC_3aa0c.dir/CheckSymbolExists.c.o  -o cmTC_3aa0c 
CMakeFiles/cmTC_3aa0c.dir/CheckSymbolExists.c.o: In function `main':
CheckSymbolExists.c:(.text+0x1b): undefined reference to `pthread_create'
collect2: error: ld returned 1 exit status
CMakeFiles/cmTC_3aa0c.dir/build.make:86: recipe for target 'cmTC_3aa0c' failed
make[1]: *** [cmTC_3aa0c] Error 1
make[1]: Leaving directory '/home/kai/temp/rpc_triangulation_solver/multi_rpc_triangule/cmake-build-debug/CMakeFiles/CMakeTmp'
Makefile:121: recipe for target 'cmTC_3aa0c/fast' failed
make: *** [cmTC_3aa0c/fast] Error 2

File /home/kai/temp/rpc_triangulation_solver/multi_rpc_triangule/cmake-build-debug/CMakeFiles/CMakeTmp/CheckSymbolExists.c:
/* */
#include <pthread.h>

int main(int argc, char** argv)
{
  (void)argv;
#ifndef pthread_create
  return ((int*)(&pthread_create))[argc];
#else
  (void)argc;
  return 0;
#endif
}

Determining if the function pthread_create exists in the pthreads failed with the following output:
Change Dir: /home/kai/temp/rpc_triangulation_solver/multi_rpc_triangule/cmake-build-debug/CMakeFiles/CMakeTmp

Run Build Command(s):/usr/bin/make cmTC_a6ab9/fast 
/usr/bin/make -f CMakeFiles/cmTC_a6ab9.dir/build.make CMakeFiles/cmTC_a6ab9.dir/build
make[1]: Entering directory '/home/kai/temp/rpc_triangulation_solver/multi_rpc_triangule/cmake-build-debug/CMakeFiles/CMakeTmp'
Building C object CMakeFiles/cmTC_a6ab9.dir/CheckFunctionExists.c.o
/usr/bin/gcc-6   -DCHECK_FUNCTION_EXISTS=pthread_create   -o CMakeFiles/cmTC_a6ab9.dir/CheckFunctionExists.c.o   -c /home/kai/clion-2019.1.3/bin/cmake/linux/share/cmake-3.14/Modules/CheckFunctionExists.c
Linking C executable cmTC_a6ab9
/home/kai/clion-2019.1.3/bin/cmake/linux/bin/cmake -E cmake_link_script CMakeFiles/cmTC_a6ab9.dir/link.txt --verbose=1
/usr/bin/gcc-6  -DCHECK_FUNCTION_EXISTS=pthread_create    -rdynamic CMakeFiles/cmTC_a6ab9.dir/CheckFunctionExists.c.o  -o cmTC_a6ab9 -lpthreads 
/usr/bin/x86_64-linux-gnu-ld: cannot find -lpthreads
collect2: error: ld returned 1 exit status
CMakeFiles/cmTC_a6ab9.dir/build.make:86: recipe for target 'cmTC_a6ab9' failed
make[1]: *** [cmTC_a6ab9] Error 1
make[1]: Leaving directory '/home/kai/temp/rpc_triangulation_solver/multi_rpc_triangule/cmake-build-debug/CMakeFiles/CMakeTmp'
Makefile:121: recipe for target 'cmTC_a6ab9/fast' failed
make: *** [cmTC_a6ab9/fast] Error 2


